<?xml version="1.0" encoding="UTF-8"?>
<coverage generated="1756822262232" clover="3.2.0">
  <project timestamp="1756822262232" name="All files">
    <metrics statements="48" coveredstatements="45" conditionals="24" coveredconditionals="17" methods="2" coveredmethods="2" elements="74" coveredelements="64" complexity="0" loc="48" ncloc="48" packages="1" files="1" classes="1"/>
    <file name="stafford_engine.ts" path="C:\Users\evano\WebstormProjects\chess_trainer\engine\stafford_engine.ts">
      <metrics statements="48" coveredstatements="45" conditionals="24" coveredconditionals="17" methods="2" coveredmethods="2"/>
      <line num="1" count="1" type="stmt"/>
      <line num="2" count="1" type="stmt"/>
      <line num="3" count="1" type="cond" truecount="1" falsecount="0"/>
      <line num="4" count="12" type="stmt"/>
      <line num="5" count="12" type="stmt"/>
      <line num="6" count="12" type="stmt"/>
      <line num="7" count="12" type="stmt"/>
      <line num="8" count="12" type="stmt"/>
      <line num="9" count="12" type="stmt"/>
      <line num="10" count="12" type="stmt"/>
      <line num="11" count="12" type="stmt"/>
      <line num="12" count="12" type="stmt"/>
      <line num="13" count="12" type="cond" truecount="1" falsecount="0"/>
      <line num="14" count="4" type="stmt"/>
      <line num="15" count="12" type="cond" truecount="2" falsecount="0"/>
      <line num="16" count="4" type="stmt"/>
      <line num="17" count="4" type="stmt"/>
      <line num="18" count="4" type="stmt"/>
      <line num="19" count="4" type="stmt"/>
      <line num="20" count="12" type="stmt"/>
      <line num="21" count="12" type="cond" truecount="1" falsecount="0"/>
      <line num="22" count="55" type="cond" truecount="2" falsecount="0"/>
      <line num="23" count="55" type="stmt"/>
      <line num="24" count="55" type="cond" truecount="2" falsecount="0"/>
      <line num="25" count="55" type="cond" truecount="1" falsecount="1"/>
      <line num="26" count="19" type="stmt"/>
      <line num="27" count="19" type="stmt"/>
      <line num="28" count="36" type="cond" truecount="1" falsecount="0"/>
      <line num="29" count="55" type="cond" truecount="2" falsecount="0"/>
      <line num="30" count="55" type="cond" truecount="1" falsecount="1"/>
      <line num="31" count="18" type="stmt"/>
      <line num="32" count="18" type="stmt"/>
      <line num="33" count="18" type="stmt"/>
      <line num="34" count="55" type="cond" truecount="2" falsecount="0"/>
      <line num="35" count="55" type="cond" truecount="1" falsecount="1"/>
      <line num="36" count="18" type="stmt"/>
      <line num="37" count="18" type="stmt"/>
      <line num="38" count="0" type="cond" truecount="0" falsecount="1"/>
      <line num="39" count="55" type="cond" truecount="0" falsecount="2"/>
      <line num="40" count="55" type="stmt"/>
      <line num="41" count="55" type="cond" truecount="0" falsecount="1"/>
      <line num="42" count="0" type="stmt"/>
      <line num="43" count="0" type="stmt"/>
      <line num="44" count="55" type="stmt"/>
      <line num="45" count="12" type="stmt"/>
      <line num="46" count="12" type="stmt"/>
      <line num="47" count="1" type="stmt"/>
      <line num="48" count="1" type="stmt"/>
    </file>
  </project>
</coverage>
