{"C:\\Users\\evano\\WebstormProjects\\chess_trainer\\engine\\stafford_engine.ts": {"path":"C:\\Users\\evano\\WebstormProjects\\chess_trainer\\engine\\stafford_engine.ts","all":false,"statementMap":{"0":{"start":{"line":1,"column":0},"end":{"line":1,"column":47}},"1":{"start":{"line":2,"column":0},"end":{"line":2,"column":0}},"2":{"start":{"line":3,"column":0},"end":{"line":3,"column":54}},"3":{"start":{"line":4,"column":0},"end":{"line":4,"column":98}},"4":{"start":{"line":5,"column":0},"end":{"line":5,"column":97}},"5":{"start":{"line":6,"column":0},"end":{"line":6,"column":88}},"6":{"start":{"line":7,"column":0},"end":{"line":7,"column":86}},"7":{"start":{"line":8,"column":0},"end":{"line":8,"column":0}},"8":{"start":{"line":9,"column":0},"end":{"line":9,"column":23}},"9":{"start":{"line":10,"column":0},"end":{"line":10,"column":31}},"10":{"start":{"line":11,"column":0},"end":{"line":11,"column":94}},"11":{"start":{"line":12,"column":0},"end":{"line":12,"column":12}},"12":{"start":{"line":13,"column":0},"end":{"line":13,"column":88}},"13":{"start":{"line":14,"column":0},"end":{"line":14,"column":5}},"14":{"start":{"line":15,"column":0},"end":{"line":15,"column":0}},"15":{"start":{"line":16,"column":0},"end":{"line":16,"column":59}},"16":{"start":{"line":17,"column":0},"end":{"line":17,"column":98}},"17":{"start":{"line":18,"column":0},"end":{"line":18,"column":31}},"18":{"start":{"line":19,"column":0},"end":{"line":19,"column":120}},"19":{"start":{"line":20,"column":0},"end":{"line":20,"column":42}},"20":{"start":{"line":21,"column":0},"end":{"line":21,"column":47}},"21":{"start":{"line":22,"column":0},"end":{"line":22,"column":9}},"22":{"start":{"line":23,"column":0},"end":{"line":23,"column":81}},"23":{"start":{"line":24,"column":0},"end":{"line":24,"column":46}},"24":{"start":{"line":25,"column":0},"end":{"line":25,"column":118}},"25":{"start":{"line":26,"column":0},"end":{"line":26,"column":42}},"26":{"start":{"line":27,"column":0},"end":{"line":27,"column":44}},"27":{"start":{"line":28,"column":0},"end":{"line":28,"column":9}},"28":{"start":{"line":29,"column":0},"end":{"line":29,"column":0}},"29":{"start":{"line":30,"column":0},"end":{"line":30,"column":27}},"30":{"start":{"line":31,"column":0},"end":{"line":31,"column":86}},"31":{"start":{"line":32,"column":0},"end":{"line":32,"column":112}},"32":{"start":{"line":33,"column":0},"end":{"line":33,"column":9}},"33":{"start":{"line":34,"column":0},"end":{"line":34,"column":5}},"34":{"start":{"line":35,"column":0},"end":{"line":35,"column":57}},"35":{"start":{"line":36,"column":0},"end":{"line":36,"column":1}},"36":{"start":{"line":37,"column":0},"end":{"line":37,"column":0}},"37":{"start":{"line":38,"column":0},"end":{"line":38,"column":30}}},"s":{"0":1,"1":1,"2":1,"3":8,"4":8,"5":8,"6":8,"7":8,"8":8,"9":8,"10":4,"11":4,"12":4,"13":4,"14":8,"15":8,"16":37,"17":37,"18":37,"19":37,"20":19,"21":19,"22":18,"23":18,"24":18,"25":37,"26":18,"27":18,"28":0,"29":0,"30":0,"31":0,"32":0,"33":37,"34":8,"35":8,"36":1,"37":1},"branchMap":{"0":{"type":"branch","line":3,"loc":{"start":{"line":3,"column":27},"end":{"line":36,"column":1}},"locations":[{"start":{"line":3,"column":27},"end":{"line":36,"column":1}}]},"1":{"type":"branch","line":10,"loc":{"start":{"line":10,"column":30},"end":{"line":14,"column":5}},"locations":[{"start":{"line":10,"column":30},"end":{"line":14,"column":5}}]},"2":{"type":"branch","line":16,"loc":{"start":{"line":16,"column":4},"end":{"line":34,"column":5}},"locations":[{"start":{"line":16,"column":4},"end":{"line":34,"column":5}}]},"3":{"type":"branch","line":19,"loc":{"start":{"line":19,"column":32},"end":{"line":20,"column":39}},"locations":[{"start":{"line":19,"column":32},"end":{"line":20,"column":39}}]},"4":{"type":"branch","line":20,"loc":{"start":{"line":20,"column":41},"end":{"line":22,"column":9}},"locations":[{"start":{"line":20,"column":41},"end":{"line":22,"column":9}}]},"5":{"type":"branch","line":23,"loc":{"start":{"line":23,"column":-2},"end":{"line":26,"column":39}},"locations":[{"start":{"line":23,"column":-2},"end":{"line":26,"column":39}}]},"6":{"type":"branch","line":26,"loc":{"start":{"line":26,"column":41},"end":{"line":28,"column":9}},"locations":[{"start":{"line":26,"column":41},"end":{"line":28,"column":9}}]},"7":{"type":"branch","line":29,"loc":{"start":{"line":29,"column":-2},"end":{"line":33,"column":9}},"locations":[{"start":{"line":29,"column":-2},"end":{"line":33,"column":9}}]},"8":{"type":"branch","line":17,"loc":{"start":{"line":17,"column":46},"end":{"line":17,"column":74}},"locations":[{"start":{"line":17,"column":46},"end":{"line":17,"column":74}}]},"9":{"type":"branch","line":17,"loc":{"start":{"line":17,"column":80},"end":{"line":17,"column":96}},"locations":[{"start":{"line":17,"column":80},"end":{"line":17,"column":96}}]},"10":{"type":"branch","line":19,"loc":{"start":{"line":19,"column":63},"end":{"line":19,"column":112}},"locations":[{"start":{"line":19,"column":63},"end":{"line":19,"column":112}}]},"11":{"type":"branch","line":25,"loc":{"start":{"line":25,"column":61},"end":{"line":25,"column":110}},"locations":[{"start":{"line":25,"column":61},"end":{"line":25,"column":110}}]}},"b":{"0":[8],"1":[4],"2":[37],"3":[19],"4":[19],"5":[18],"6":[18],"7":[0],"8":[114],"9":[114],"10":[171],"11":[144]},"fnMap":{"0":{"name":"staffordGameEngine","decl":{"start":{"line":3,"column":27},"end":{"line":36,"column":1}},"loc":{"start":{"line":3,"column":27},"end":{"line":36,"column":1}},"line":3},"1":{"name":"determineWhiteNextMove","decl":{"start":{"line":16,"column":4},"end":{"line":34,"column":5}},"loc":{"start":{"line":16,"column":4},"end":{"line":34,"column":5}},"line":16}},"f":{"0":8,"1":37}}
}
