TN:
SF:engine\stafford_engine.ts
FN:5,staffordGameEngine
FN:24,determineWhiteNextMove
FN:39,determineBlackNextMove
FNF:3
FNH:2
FNDA:12,staffordGameEngine
FNDA:55,determineWhiteNextMove
FNDA:0,determineBlackNextMove
DA:1,1
DA:2,1
DA:3,1
DA:4,1
DA:5,1
DA:6,12
DA:7,12
DA:8,12
DA:9,12
DA:10,12
DA:11,12
DA:12,12
DA:13,12
DA:14,12
DA:15,12
DA:16,12
DA:17,12
DA:18,12
DA:19,12
DA:20,12
DA:21,12
DA:22,12
DA:23,12
DA:24,12
DA:25,55
DA:26,55
DA:27,55
DA:28,55
DA:29,55
DA:30,55
DA:31,55
DA:32,0
DA:33,55
DA:34,55
DA:35,55
DA:36,0
DA:37,0
DA:38,55
DA:39,12
DA:40,0
DA:41,0
DA:42,0
DA:43,0
DA:44,0
DA:45,0
DA:46,0
DA:47,0
DA:48,0
DA:49,0
DA:50,0
DA:51,0
DA:52,0
DA:53,0
DA:54,0
DA:55,0
DA:56,12
DA:57,12
DA:58,1
DA:59,1
LF:59
LH:40
BRDA:5,0,0,12
BRDA:14,1,0,0
BRDA:24,2,0,55
BRDA:28,3,0,0
BRDA:32,4,0,0
BRDA:33,5,0,0
BRDA:33,6,0,0
BRDA:35,7,0,0
BRDA:25,8,0,158
BRDA:25,9,0,158
BRDA:27,10,0,459
BRF:11
BRH:5
end_of_record
TN:
SF:engine\stafford_lines.ts
FNF:0
FNH:0
DA:1,1
DA:2,1
DA:3,1
DA:4,1
DA:5,1
DA:6,1
DA:7,1
DA:8,1
DA:9,1
DA:10,1
DA:11,1
DA:12,1
DA:13,1
DA:14,1
DA:15,1
DA:16,1
DA:17,1
DA:18,1
DA:19,1
DA:20,1
DA:21,1
DA:22,1
DA:23,1
DA:24,1
DA:25,1
DA:26,1
DA:27,1
DA:28,1
DA:29,1
DA:30,1
DA:31,1
DA:32,1
DA:33,1
DA:34,1
DA:35,1
DA:36,1
DA:37,1
DA:38,1
DA:39,1
DA:40,1
DA:41,1
DA:42,1
DA:43,1
DA:44,1
LF:44
LH:44
BRF:0
BRH:0
end_of_record
