TN:
SF:engine\stafford_engine.ts
FN:3,staffordGameEngine
FN:21,determineWhiteNextMove
FNF:2
FNH:2
FNDA:12,staffordGameEngine
FNDA:55,determineWhiteNextMove
DA:1,1
DA:2,1
DA:3,1
DA:4,12
DA:5,12
DA:6,12
DA:7,12
DA:8,12
DA:9,12
DA:10,12
DA:11,12
DA:12,12
DA:13,12
DA:14,4
DA:15,12
DA:16,4
DA:17,4
DA:18,4
DA:19,4
DA:20,12
DA:21,12
DA:22,55
DA:23,55
DA:24,55
DA:25,55
DA:26,19
DA:27,19
DA:28,36
DA:29,55
DA:30,55
DA:31,18
DA:32,18
DA:33,18
DA:34,55
DA:35,55
DA:36,18
DA:37,18
DA:38,0
DA:39,55
DA:40,55
DA:41,55
DA:42,0
DA:43,0
DA:44,55
DA:45,12
DA:46,12
DA:47,1
DA:48,1
LF:48
LH:45
BRDA:3,0,0,12
BRDA:13,1,0,4
BRDA:15,2,0,8
BRDA:15,3,0,4
BRDA:21,4,0,55
BRDA:24,5,0,19
BRDA:25,6,0,0
BRDA:25,7,0,19
BRDA:28,8,0,36
BRDA:29,9,0,18
BRDA:30,10,0,0
BRDA:30,11,0,18
BRDA:34,12,0,18
BRDA:35,13,0,0
BRDA:35,14,0,18
BRDA:38,15,0,0
BRDA:39,16,0,0
BRDA:39,17,0,0
BRDA:41,18,0,0
BRDA:22,19,0,168
BRDA:22,20,0,168
BRDA:24,21,0,171
BRDA:29,22,0,144
BRDA:34,23,0,144
BRF:24
BRH:17
end_of_record
